<?xml version="1.0" encoding="UTF-8"?>
<!-- Generated by org.testng.reporters.JUnitXMLReporter -->
<testsuite hostname="PC428812" ignored="0" name="Default test" tests="3" failures="0" timestamp="20 Aug 2019 09:17:09 GMT" time="0.064" errors="0">
  <testcase name="testMethod" time="0.013" classname="org.bismi.core.SameClassDataProvider"/>
  <testcase name="testMethod" time="0.001" classname="org.bismi.core.SameClassDataProvider"/>
  <testcase name="testMethod" time="0.0" classname="org.bismi.core.SameClassDataProvider"/>
</testsuite> <!-- Default test -->
