<?xml version="1.0" encoding="UTF-8"?>
<testng-results skipped="0" failed="0" ignored="0" total="3" passed="3">
  <reporter-output>
  </reporter-output>
  <suite name="Default suite" duration-ms="64" started-at="2019-08-20T09:17:09Z" finished-at="2019-08-20T09:17:09Z">
    <groups>
    </groups>
    <test name="Default test" duration-ms="64" started-at="2019-08-20T09:17:09Z" finished-at="2019-08-20T09:17:09Z">
      <class name="org.bismi.core.SameClassDataProvider">
        <test-method status="PASS" signature="testMethod([Ljava.lang.String;)[pri:0, instance:org.bismi.core.SameClassDataProvider@14acaea5]" name="testMethod" duration-ms="13" started-at="2019-08-20T09:17:09Z" data-provider="data-provider" finished-at="2019-08-20T09:17:09Z">
          <params>
            <param index="0">
              <value>
                <![CDATA[[Ljava.lang.String;@68bbe345]]>
              </value>
            </param>
          </params>
          <reporter-output>
          </reporter-output>
        </test-method> <!-- testMethod -->
        <test-method status="PASS" signature="testMethod([Ljava.lang.String;)[pri:0, instance:org.bismi.core.SameClassDataProvider@14acaea5]" name="testMethod" duration-ms="1" started-at="2019-08-20T09:17:09Z" data-provider="data-provider" finished-at="2019-08-20T09:17:09Z">
          <params>
            <param index="0">
              <value>
                <![CDATA[[Ljava.lang.String;@30b8a058]]>
              </value>
            </param>
          </params>
          <reporter-output>
          </reporter-output>
        </test-method> <!-- testMethod -->
        <test-method status="PASS" signature="testMethod([Ljava.lang.String;)[pri:0, instance:org.bismi.core.SameClassDataProvider@14acaea5]" name="testMethod" duration-ms="0" started-at="2019-08-20T09:17:09Z" data-provider="data-provider" finished-at="2019-08-20T09:17:09Z">
          <params>
            <param index="0">
              <value>
                <![CDATA[[Ljava.lang.String;@7494e528]]>
              </value>
            </param>
          </params>
          <reporter-output>
          </reporter-output>
        </test-method> <!-- testMethod -->
      </class> <!-- org.bismi.core.SameClassDataProvider -->
    </test> <!-- Default test -->
  </suite> <!-- Default suite -->
</testng-results>
